\BOOKMARK [1][-]{section.1}{Shannon}{}% 1
\BOOKMARK [2][-]{subsection.1.1}{Perfect secrecy}{section.1}% 2
\BOOKMARK [2][-]{subsection.1.2}{Theorem}{section.1}% 3
\BOOKMARK [1][-]{section.2}{One-Time Pad}{}% 4
\BOOKMARK [2][-]{subsection.2.1}{Properties}{section.2}% 5
\BOOKMARK [2][-]{subsection.2.2}{Property of XOR}{section.2}% 6
\BOOKMARK [2][-]{subsection.2.3}{Malleability problem}{section.2}% 7
\BOOKMARK [1][-]{section.3}{Stream ciphers}{}% 8
\BOOKMARK [2][-]{subsection.3.1}{Computational security}{section.3}% 9
\BOOKMARK [2][-]{subsection.3.2}{Pseudo-random number generator}{section.3}% 10
\BOOKMARK [3][-]{subsubsection.3.2.1}{Linear Congruential Generator \(LCG\)}{subsection.3.2}% 11
\BOOKMARK [3][-]{subsubsection.3.2.2}{Content Scrambling System \(CSS\)}{subsection.3.2}% 12
\BOOKMARK [2][-]{subsection.3.3}{WEP}{section.3}% 13
\BOOKMARK [1][-]{section.4}{Block ciphers}{}% 14
\BOOKMARK [2][-]{subsection.4.1}{DES improvements}{section.4}% 15
\BOOKMARK [3][-]{subsubsection.4.1.1}{2DES}{subsection.4.1}% 16
\BOOKMARK [3][-]{subsubsection.4.1.2}{3DES}{subsection.4.1}% 17
\BOOKMARK [3][-]{subsubsection.4.1.3}{Key whitening}{subsection.4.1}% 18
\BOOKMARK [1][-]{section.5}{Exhaustive key search}{}% 19
\BOOKMARK [1][-]{section.6}{Confusion and diffusion}{}% 20
\BOOKMARK [1][-]{section.7}{Data Encryption Standard \(DES\)}{}% 21
\BOOKMARK [2][-]{subsection.7.1}{Round function f}{section.7}% 22
\BOOKMARK [2][-]{subsection.7.2}{DES properties}{section.7}% 23
\BOOKMARK [1][-]{section.8}{Encryption Modes}{}% 24
\BOOKMARK [2][-]{subsection.8.1}{Electronic Codebook \(ECB\)}{section.8}% 25
\BOOKMARK [2][-]{subsection.8.2}{Cipherblock Chaining \(CBC\)}{section.8}% 26
\BOOKMARK [2][-]{subsection.8.3}{Cipher Feedback \(CFB\)}{section.8}% 27
\BOOKMARK [2][-]{subsection.8.4}{Output Feedback \(OFB\)}{section.8}% 28
\BOOKMARK [2][-]{subsection.8.5}{Counter Mode \(CTR\)}{section.8}% 29
\BOOKMARK [1][-]{section.9}{Padding \(PKCS \0437\)}{}% 30
\BOOKMARK [2][-]{subsection.9.1}{Ciphertext Stealing Mode \(CTS\)}{section.9}% 31
\BOOKMARK [1][-]{section.10}{Advanced Encryption Standard \(AES\)}{}% 32
\BOOKMARK [1][-]{section.11}{Hash function}{}% 33
\BOOKMARK [2][-]{subsection.11.1}{Security properties}{section.11}% 34
\BOOKMARK [2][-]{subsection.11.2}{Black box attacks}{section.11}% 35
\BOOKMARK [2][-]{subsection.11.3}{Merkle-Damgard scheme}{section.11}% 36
\BOOKMARK [3][-]{subsubsection.11.3.1}{Davies-Meyer scheme}{subsection.11.3}% 37
\BOOKMARK [1][-]{section.12}{Message Authentication Codes \(MACs\)}{}% 38
\BOOKMARK [2][-]{subsection.12.1}{MAC generation algorithm}{section.12}% 39
\BOOKMARK [2][-]{subsection.12.2}{MACs from hash function}{section.12}% 40
\BOOKMARK [2][-]{subsection.12.3}{MACs from block ciphers: CBC-MAC}{section.12}% 41
\BOOKMARK [1][-]{section.13}{Key establishment}{}% 42
\BOOKMARK [2][-]{subsection.13.1}{Diffie-Hellman}{section.13}% 43
\BOOKMARK [3][-]{subsubsection.13.1.1}{Passive attack}{subsection.13.1}% 44
\BOOKMARK [3][-]{subsubsection.13.1.2}{Active attack}{subsection.13.1}% 45
\BOOKMARK [1][-]{section.14}{Public key encryption}{}% 46
\BOOKMARK [2][-]{subsection.14.1}{Security properties}{section.14}% 47
\BOOKMARK [1][-]{section.15}{RSA}{}% 48
\BOOKMARK [2][-]{subsection.15.1}{Key generation algorithm G}{section.15}% 49
\BOOKMARK [2][-]{subsection.15.2}{Encryption}{section.15}% 50
\BOOKMARK [2][-]{subsection.15.3}{Decryption}{section.15}% 51
\BOOKMARK [2][-]{subsection.15.4}{Square-and-multiply algorithm}{section.15}% 52
\BOOKMARK [2][-]{subsection.15.5}{RSA problem}{section.15}% 53
\BOOKMARK [2][-]{subsection.15.6}{RSA security}{section.15}% 54
\BOOKMARK [3][-]{subsubsection.15.6.1}{Small plaintext problem}{subsection.15.6}% 55
\BOOKMARK [3][-]{subsubsection.15.6.2}{Malleability}{subsection.15.6}% 56
\BOOKMARK [3][-]{subsubsection.15.6.3}{Low exponent attack}{subsection.15.6}% 57
\BOOKMARK [3][-]{subsubsection.15.6.4}{Common modulus attack}{subsection.15.6}% 58
\BOOKMARK [3][-]{subsubsection.15.6.5}{Chosen-plaintext attack}{subsection.15.6}% 59
\BOOKMARK [3][-]{subsubsection.15.6.6}{Adaptive chosen-plaintext attack}{subsection.15.6}% 60
\BOOKMARK [3][-]{subsubsection.15.6.7}{Countermeasure}{subsection.15.6}% 61
\BOOKMARK [1][-]{section.16}{Digital signature}{}% 62
\BOOKMARK [2][-]{subsection.16.1}{Properties from hash function}{section.16}% 63
\BOOKMARK [1][-]{section.17}{Certifiate}{}% 64
\BOOKMARK [2][-]{subsection.17.1}{Diffie-Hellman MITM solution}{section.17}% 65
\BOOKMARK [2][-]{subsection.17.2}{CA delegation}{section.17}% 66
\BOOKMARK [2][-]{subsection.17.3}{Certificate revocation}{section.17}% 67
\BOOKMARK [2][-]{subsection.17.4}{Private key backup: Threshold Crypto}{section.17}% 68
\BOOKMARK [1][-]{section.18}{Perfect Forward Secrecy \(PFS\)}{}% 69
\BOOKMARK [2][-]{subsection.18.1}{Pre-Shared Key Ephemeral DH}{section.18}% 70
\BOOKMARK [2][-]{subsection.18.2}{Ephemeral RSA}{section.18}% 71
\BOOKMARK [2][-]{subsection.18.3}{Station-To-Station \(STS\) protocol}{section.18}% 72
\BOOKMARK [1][-]{section.19}{BAN logic}{}% 73
\BOOKMARK [2][-]{subsection.19.1}{Postulate 1: message meaning rule}{section.19}% 74
\BOOKMARK [2][-]{subsection.19.2}{Postulate 2: Nonce verification rule}{section.19}% 75
\BOOKMARK [2][-]{subsection.19.3}{Postulate 3: Jurisdiction rule}{section.19}% 76
\BOOKMARK [2][-]{subsection.19.4}{Objectives}{section.19}% 77
\BOOKMARK [1][-]{section.20}{Kerberos}{}% 78
\BOOKMARK [2][-]{subsection.20.1}{Protocol}{section.20}% 79
\BOOKMARK [2][-]{subsection.20.2}{Ticket Granting Server \(TGS\)}{section.20}% 80
\BOOKMARK [2][-]{subsection.20.3}{Delegation problem}{section.20}% 81
\BOOKMARK [3][-]{subsubsection.20.3.1}{Proxy tickets}{subsection.20.3}% 82
\BOOKMARK [3][-]{subsubsection.20.3.2}{Forwardable TGT}{subsection.20.3}% 83
\BOOKMARK [3][-]{subsubsection.20.3.3}{Referral TGT}{subsection.20.3}% 84
\BOOKMARK [1][-]{appendix.A}{Buffer overflow}{}% 85
\BOOKMARK [2][-]{subsection.A.1}{Countermeasures}{appendix.A}% 86
\BOOKMARK [3][-]{subsubsection.A.1.1}{Data Execution Prevention}{subsection.A.1}% 87
\BOOKMARK [3][-]{subsubsection.A.1.2}{Address Space Layout Randomization}{subsection.A.1}% 88
\BOOKMARK [3][-]{subsubsection.A.1.3}{Stack canaries}{subsection.A.1}% 89
\BOOKMARK [1][-]{appendix.B}{Secure coding}{}% 90
\BOOKMARK [2][-]{subsection.B.1}{Undefined behavior}{appendix.B}% 91
\BOOKMARK [2][-]{subsection.B.2}{Taint analysis}{appendix.B}% 92
\BOOKMARK [2][-]{subsection.B.3}{Sanitization}{appendix.B}% 93
\BOOKMARK [2][-]{subsection.B.4}{Strings}{appendix.B}% 94
\BOOKMARK [2][-]{subsection.B.5}{Pointer subterfuge}{appendix.B}% 95
\BOOKMARK [2][-]{subsection.B.6}{Dynamic memory management}{appendix.B}% 96
\BOOKMARK [2][-]{subsection.B.7}{Vector iterators}{appendix.B}% 97
\BOOKMARK [2][-]{subsection.B.8}{OS command injection}{appendix.B}% 98
\BOOKMARK [2][-]{subsection.B.9}{TOCTOU race condition}{appendix.B}% 99
\BOOKMARK [2][-]{subsection.B.10}{Integers}{appendix.B}% 100
\BOOKMARK [3][-]{subsubsection.B.10.1}{Unsigned sanitization}{subsection.B.10}% 101
\BOOKMARK [3][-]{subsubsection.B.10.2}{Signed sanitization}{subsection.B.10}% 102
\BOOKMARK [1][-]{appendix.C}{Network security}{}% 103
\BOOKMARK [2][-]{subsection.C.1}{Penetration test}{appendix.C}% 104
\BOOKMARK [2][-]{subsection.C.2}{Exploitation}{appendix.C}% 105
\BOOKMARK [2][-]{subsection.C.3}{Network scanning}{appendix.C}% 106
\BOOKMARK [3][-]{subsubsection.C.3.1}{SYN scanning}{subsection.C.3}% 107
\BOOKMARK [3][-]{subsubsection.C.3.2}{UDP scanning}{subsection.C.3}% 108
\BOOKMARK [3][-]{subsubsection.C.3.3}{Service scanning}{subsection.C.3}% 109
\BOOKMARK [2][-]{subsection.C.4}{TCP/IP stack fingerprint}{appendix.C}% 110
\BOOKMARK [2][-]{subsection.C.5}{Network sniffing}{appendix.C}% 111
\BOOKMARK [2][-]{subsection.C.6}{Fuzzing}{appendix.C}% 112
\BOOKMARK [1][-]{appendix.D}{Malware}{}% 113
\BOOKMARK [2][-]{subsection.D.1}{Common features}{appendix.D}% 114
\BOOKMARK [3][-]{subsubsection.D.1.1}{Infection and self-replication}{subsection.D.1}% 115
\BOOKMARK [3][-]{subsubsection.D.1.2}{Persistency}{subsection.D.1}% 116
\BOOKMARK [3][-]{subsubsection.D.1.3}{Concealment}{subsection.D.1}% 117
\BOOKMARK [3][-]{subsubsection.D.1.4}{Damage}{subsection.D.1}% 118
\BOOKMARK [2][-]{subsection.D.2}{Anti-Virus software}{appendix.D}% 119
\BOOKMARK [3][-]{subsubsection.D.2.1}{Fred Cohen's result}{subsection.D.2}% 120
\BOOKMARK [3][-]{subsubsection.D.2.2}{Signature-based detection}{subsection.D.2}% 121
\BOOKMARK [3][-]{subsubsection.D.2.3}{Sandbox-based detection}{subsection.D.2}% 122
\BOOKMARK [2][-]{subsection.D.3}{Reverse engineering}{appendix.D}% 123
\BOOKMARK [3][-]{subsubsection.D.3.1}{Decompilation}{subsection.D.3}% 124
\BOOKMARK [3][-]{subsubsection.D.3.2}{Obfuscation}{subsection.D.3}% 125
\BOOKMARK [1][-]{appendix.E}{Web security}{}% 126
\BOOKMARK [2][-]{subsection.E.1}{Web application mapping}{appendix.E}% 127
\BOOKMARK [2][-]{subsection.E.2}{Authentication}{appendix.E}% 128
\BOOKMARK [3][-]{subsubsection.E.2.1}{Strong credentials and password change}{subsection.E.2}% 129
\BOOKMARK [3][-]{subsubsection.E.2.2}{Secure credential transmission}{subsection.E.2}% 130
\BOOKMARK [3][-]{subsubsection.E.2.3}{Secure credential storage}{subsection.E.2}% 131
\BOOKMARK [3][-]{subsubsection.E.2.4}{Fail-Open Flaws}{subsection.E.2}% 132
\BOOKMARK [3][-]{subsubsection.E.2.5}{Verbose errore messages}{subsection.E.2}% 133
\BOOKMARK [3][-]{subsubsection.E.2.6}{Account locking and CAPTCHAs}{subsection.E.2}% 134
\BOOKMARK [3][-]{subsubsection.E.2.7}{Account recovery}{subsection.E.2}% 135
\BOOKMARK [2][-]{subsection.E.3}{Session management}{appendix.E}% 136
\BOOKMARK [3][-]{subsubsection.E.3.1}{Secure token transmission}{subsection.E.3}% 137
\BOOKMARK [3][-]{subsubsection.E.3.2}{Session termination}{subsection.E.3}% 138
\BOOKMARK [2][-]{subsection.E.4}{Code injection}{appendix.E}% 139
\BOOKMARK [3][-]{subsubsection.E.4.1}{Tautology}{subsection.E.4}% 140
\BOOKMARK [3][-]{subsubsection.E.4.2}{Finding SQLI bugs}{subsection.E.4}% 141
\BOOKMARK [3][-]{subsubsection.E.4.3}{UNION operator}{subsection.E.4}% 142
\BOOKMARK [3][-]{subsubsection.E.4.4}{Using inference}{subsection.E.4}% 143
\BOOKMARK [3][-]{subsubsection.E.4.5}{Piggybacked query}{subsection.E.4}% 144
\BOOKMARK [3][-]{subsubsection.E.4.6}{Countermeasures}{subsection.E.4}% 145
\BOOKMARK [3][-]{subsubsection.E.4.7}{Injection vectors}{subsection.E.4}% 146
\BOOKMARK [3][-]{subsubsection.E.4.8}{LDAP injection}{subsection.E.4}% 147
\BOOKMARK [2][-]{subsection.E.5}{Cross-site scripting \(XSS\)}{appendix.E}% 148
